[debug] [2025-05-29T22:15:27.497Z] ----------------------------------------------------------------------
[debug] [2025-05-29T22:15:27.500Z] Command:       /nix/store/rbdrkcs5kkwpalxcd7c6bnm33lk2955n-nodejs-20.19.0/bin/node /nix/store/x1y0l2xj62jgmz6csprhhqzibvdggdpk-firebase-tools-14.3.1/lib/node_modules/firebase-tools/lib/bin/firebase.js apphosting:backends:create --project referral-app-c8e00
[debug] [2025-05-29T22:15:27.500Z] CLI Version:   14.3.1
[debug] [2025-05-29T22:15:27.501Z] Platform:      linux
[debug] [2025-05-29T22:15:27.501Z] Node Version:  v20.19.0
[debug] [2025-05-29T22:15:27.501Z] Time:          Thu May 29 2025 22:15:27 GMT+0000 (Coordinated Universal Time)
[debug] [2025-05-29T22:15:27.501Z] ----------------------------------------------------------------------
[debug] 
[debug] [2025-05-29T22:15:27.509Z] > command requires scopes: ["email","openid","https://www.googleapis.com/auth/cloudplatformprojects.readonly","https://www.googleapis.com/auth/firebase","https://www.googleapis.com/auth/cloud-platform"]
[debug] [2025-05-29T22:15:27.510Z] > authorizing via signed-in user (klaus.haertel@portaone.com)
[debug] [2025-05-29T22:15:27.512Z] Checked if tokens are valid: true, expires at: 1748560509279
[debug] [2025-05-29T22:15:27.512Z] Checked if tokens are valid: true, expires at: 1748560509279
[debug] [2025-05-29T22:15:27.513Z] >>> [apiv2][query] GET https://serviceusage.googleapis.com/v1/projects/referral-app-c8e00/services/firebaseapphosting.googleapis.com [none]
[debug] [2025-05-29T22:15:27.514Z] >>> [apiv2][(partial)header] GET https://serviceusage.googleapis.com/v1/projects/referral-app-c8e00/services/firebaseapphosting.googleapis.com x-goog-quota-user=projects/referral-app-c8e00
[debug] [2025-05-29T22:15:27.930Z] <<< [apiv2][status] GET https://serviceusage.googleapis.com/v1/projects/referral-app-c8e00/services/firebaseapphosting.googleapis.com 200
[debug] [2025-05-29T22:15:27.930Z] <<< [apiv2][body] GET https://serviceusage.googleapis.com/v1/projects/referral-app-c8e00/services/firebaseapphosting.googleapis.com [omitted]
[debug] [2025-05-29T22:15:27.931Z] Checked if tokens are valid: true, expires at: 1748560509279
[debug] [2025-05-29T22:15:27.931Z] Checked if tokens are valid: true, expires at: 1748560509279
[debug] [2025-05-29T22:15:27.932Z] >>> [apiv2][query] POST https://serviceusage.googleapis.com/v1/projects/referral-app-c8e00/services/firebaseapphosting.googleapis.com:enable [none]
[debug] [2025-05-29T22:15:27.932Z] >>> [apiv2][(partial)header] POST https://serviceusage.googleapis.com/v1/projects/referral-app-c8e00/services/firebaseapphosting.googleapis.com:enable x-goog-quota-user=projects/referral-app-c8e00
[debug] [2025-05-29T22:15:28.328Z] <<< [apiv2][status] POST https://serviceusage.googleapis.com/v1/projects/referral-app-c8e00/services/firebaseapphosting.googleapis.com:enable 200
[debug] [2025-05-29T22:15:28.328Z] <<< [apiv2][body] POST https://serviceusage.googleapis.com/v1/projects/referral-app-c8e00/services/firebaseapphosting.googleapis.com:enable [omitted]
[debug] [2025-05-29T22:15:38.331Z] Checked if tokens are valid: true, expires at: 1748560509279
[debug] [2025-05-29T22:15:38.332Z] Checked if tokens are valid: true, expires at: 1748560509279
[debug] [2025-05-29T22:15:38.332Z] >>> [apiv2][query] GET https://serviceusage.googleapis.com/v1/projects/referral-app-c8e00/services/firebaseapphosting.googleapis.com [none]
[debug] [2025-05-29T22:15:38.332Z] >>> [apiv2][(partial)header] GET https://serviceusage.googleapis.com/v1/projects/referral-app-c8e00/services/firebaseapphosting.googleapis.com x-goog-quota-user=projects/referral-app-c8e00
[debug] [2025-05-29T22:15:38.660Z] <<< [apiv2][status] GET https://serviceusage.googleapis.com/v1/projects/referral-app-c8e00/services/firebaseapphosting.googleapis.com 200
[debug] [2025-05-29T22:15:38.661Z] <<< [apiv2][body] GET https://serviceusage.googleapis.com/v1/projects/referral-app-c8e00/services/firebaseapphosting.googleapis.com [omitted]
[debug] [2025-05-29T22:15:38.666Z] Checked if tokens are valid: true, expires at: 1748560509279
[debug] [2025-05-29T22:15:38.666Z] Checked if tokens are valid: true, expires at: 1748560509279
[debug] [2025-05-29T22:15:38.666Z] >>> [apiv2][query] GET https://mobilesdk-pa.googleapis.com/v1/accessmanagement/tos:getStatus [none]
[debug] [2025-05-29T22:15:38.946Z] <<< [apiv2][status] GET https://mobilesdk-pa.googleapis.com/v1/accessmanagement/tos:getStatus 200
[debug] [2025-05-29T22:15:38.946Z] <<< [apiv2][body] GET https://mobilesdk-pa.googleapis.com/v1/accessmanagement/tos:getStatus {"overallStatus":"ACCEPTED","uTosStatus":{"tos":{"id":"firebase","tosId":"FIREBASE_UNIVERSAL"},"status":"ACCEPTED","acceptedVersion":7},"childTosStatus":[{"tos":{"id":"cloud","tosId":"CLOUD_PLATFORM"},"status":"ACCEPTED","acceptedVersion":38},{"tos":{"id":"firebase_b2b","tosId":"FIREBASE_B2B"},"status":"ACCEPTED","acceptedVersion":1},{"tos":{"id":"universal","tosId":"GOOGLE_APIS"},"status":"ACCEPTED","acceptedVersion":6}],"termsUrl":"https://firebase.google.com/terms","perServiceStatus":[{"tosId":"APP_CHECK","serviceStatus":{"tos":{"id":"app_check","tosId":"APP_CHECK"},"status":"ACCEPTED","acceptedVersion":3}},{"tosId":"APP_HOSTING_TOS","serviceStatus":{"tos":{"id":"app_hosting","tosId":"APP_HOSTING_TOS"},"status":"ACCEPTED","acceptedVersion":3}},{"tosId":"FIREBASE_DATA_CONNECT","serviceStatus":{"tos":{"id":"data_connect","tosId":"FIREBASE_DATA_CONNECT"},"status":"ACCEPTED","acceptedVersion":3}},{"tosId":"CORE_APPS","serviceStatus":{"tos":{"id":"core_apps","tosId":"CORE_APPS"},"status":"ACCEPTED","acceptedVersion":1}},{"tosId":"VERTEX_AI_IN_FIREBASE","serviceStatus":{"tos":{"id":"vertex_ai_in_firebase","tosId":"VERTEX_AI_IN_FIREBASE"},"status":"ACCEPTED","acceptedVersion":2}},{"tosId":"FIREBASE_CRASHLYTICS_APP_DISTRIBUTION","serviceStatus":{"tos":{"id":"firebase_crashlytics_app_distribution","tosId":"FIREBASE_CRASHLYTICS_APP_DISTRIBUTION"},"status":"ACCEPTED","acceptedVersion":4}},{"tosId":"GENERATIVE_LANGUAGE","serviceStatus":{"tos":{"id":"generative-language-api","tosId":"GENERATIVE_LANGUAGE"},"status":"NEVER_ACCEPTED","acceptedVersion":3}}]}
[debug] [2025-05-29T22:15:38.947Z] Checked if tokens are valid: true, expires at: 1748560509279
[debug] [2025-05-29T22:15:38.947Z] Checked if tokens are valid: true, expires at: 1748560509279
[debug] [2025-05-29T22:15:38.948Z] Checked if tokens are valid: true, expires at: 1748560509279
[debug] [2025-05-29T22:15:38.948Z] Checked if tokens are valid: true, expires at: 1748560509279
[debug] [2025-05-29T22:15:38.948Z] Checked if tokens are valid: true, expires at: 1748560509279
[debug] [2025-05-29T22:15:38.948Z] Checked if tokens are valid: true, expires at: 1748560509279
[debug] [2025-05-29T22:15:38.948Z] Checked if tokens are valid: true, expires at: 1748560509279
[debug] [2025-05-29T22:15:38.948Z] Checked if tokens are valid: true, expires at: 1748560509279
[debug] [2025-05-29T22:15:38.949Z] Checked if tokens are valid: true, expires at: 1748560509279
[debug] [2025-05-29T22:15:38.949Z] Checked if tokens are valid: true, expires at: 1748560509279
[debug] [2025-05-29T22:15:38.950Z] Checked if tokens are valid: true, expires at: 1748560509279
[debug] [2025-05-29T22:15:38.950Z] Checked if tokens are valid: true, expires at: 1748560509279
[debug] [2025-05-29T22:15:38.951Z] >>> [apiv2][query] GET https://serviceusage.googleapis.com/v1/projects/referral-app-c8e00/services/developerconnect.googleapis.com [none]
[debug] [2025-05-29T22:15:38.951Z] >>> [apiv2][(partial)header] GET https://serviceusage.googleapis.com/v1/projects/referral-app-c8e00/services/developerconnect.googleapis.com x-goog-quota-user=projects/referral-app-c8e00
[debug] [2025-05-29T22:15:38.952Z] >>> [apiv2][query] GET https://serviceusage.googleapis.com/v1/projects/referral-app-c8e00/services/cloudbuild.googleapis.com [none]
[debug] [2025-05-29T22:15:38.952Z] >>> [apiv2][(partial)header] GET https://serviceusage.googleapis.com/v1/projects/referral-app-c8e00/services/cloudbuild.googleapis.com x-goog-quota-user=projects/referral-app-c8e00
[debug] [2025-05-29T22:15:38.956Z] >>> [apiv2][query] GET https://serviceusage.googleapis.com/v1/projects/referral-app-c8e00/services/secretmanager.googleapis.com [none]
[debug] [2025-05-29T22:15:38.956Z] >>> [apiv2][(partial)header] GET https://serviceusage.googleapis.com/v1/projects/referral-app-c8e00/services/secretmanager.googleapis.com x-goog-quota-user=projects/referral-app-c8e00
[debug] [2025-05-29T22:15:38.958Z] >>> [apiv2][query] GET https://serviceusage.googleapis.com/v1/projects/referral-app-c8e00/services/run.googleapis.com [none]
[debug] [2025-05-29T22:15:38.959Z] >>> [apiv2][(partial)header] GET https://serviceusage.googleapis.com/v1/projects/referral-app-c8e00/services/run.googleapis.com x-goog-quota-user=projects/referral-app-c8e00
[debug] [2025-05-29T22:15:38.961Z] >>> [apiv2][query] GET https://serviceusage.googleapis.com/v1/projects/referral-app-c8e00/services/artifactregistry.googleapis.com [none]
[debug] [2025-05-29T22:15:38.961Z] >>> [apiv2][(partial)header] GET https://serviceusage.googleapis.com/v1/projects/referral-app-c8e00/services/artifactregistry.googleapis.com x-goog-quota-user=projects/referral-app-c8e00
[debug] [2025-05-29T22:15:38.964Z] >>> [apiv2][query] GET https://serviceusage.googleapis.com/v1/projects/referral-app-c8e00/services/iam.googleapis.com [none]
[debug] [2025-05-29T22:15:38.964Z] >>> [apiv2][(partial)header] GET https://serviceusage.googleapis.com/v1/projects/referral-app-c8e00/services/iam.googleapis.com x-goog-quota-user=projects/referral-app-c8e00
[debug] [2025-05-29T22:15:39.300Z] <<< [apiv2][status] GET https://serviceusage.googleapis.com/v1/projects/referral-app-c8e00/services/cloudbuild.googleapis.com 200
[debug] [2025-05-29T22:15:39.301Z] <<< [apiv2][body] GET https://serviceusage.googleapis.com/v1/projects/referral-app-c8e00/services/cloudbuild.googleapis.com [omitted]
[debug] [2025-05-29T22:15:39.319Z] <<< [apiv2][status] GET https://serviceusage.googleapis.com/v1/projects/referral-app-c8e00/services/artifactregistry.googleapis.com 200
[debug] [2025-05-29T22:15:39.319Z] <<< [apiv2][body] GET https://serviceusage.googleapis.com/v1/projects/referral-app-c8e00/services/artifactregistry.googleapis.com [omitted]
[debug] [2025-05-29T22:15:39.323Z] <<< [apiv2][status] GET https://serviceusage.googleapis.com/v1/projects/referral-app-c8e00/services/run.googleapis.com 200
[debug] [2025-05-29T22:15:39.324Z] <<< [apiv2][body] GET https://serviceusage.googleapis.com/v1/projects/referral-app-c8e00/services/run.googleapis.com [omitted]
[debug] [2025-05-29T22:15:39.324Z] <<< [apiv2][status] GET https://serviceusage.googleapis.com/v1/projects/referral-app-c8e00/services/secretmanager.googleapis.com 200
[debug] [2025-05-29T22:15:39.325Z] <<< [apiv2][body] GET https://serviceusage.googleapis.com/v1/projects/referral-app-c8e00/services/secretmanager.googleapis.com [omitted]
[debug] [2025-05-29T22:15:39.329Z] <<< [apiv2][status] GET https://serviceusage.googleapis.com/v1/projects/referral-app-c8e00/services/iam.googleapis.com 200
[debug] [2025-05-29T22:15:39.331Z] <<< [apiv2][body] GET https://serviceusage.googleapis.com/v1/projects/referral-app-c8e00/services/iam.googleapis.com [omitted]
[debug] [2025-05-29T22:15:39.345Z] <<< [apiv2][status] GET https://serviceusage.googleapis.com/v1/projects/referral-app-c8e00/services/developerconnect.googleapis.com 200
[debug] [2025-05-29T22:15:39.346Z] <<< [apiv2][body] GET https://serviceusage.googleapis.com/v1/projects/referral-app-c8e00/services/developerconnect.googleapis.com [omitted]
[debug] [2025-05-29T22:15:39.346Z] Checked if tokens are valid: true, expires at: 1748560509279
[debug] [2025-05-29T22:15:39.347Z] Checked if tokens are valid: true, expires at: 1748560509279
[debug] [2025-05-29T22:15:39.347Z] >>> [apiv2][query] POST https://serviceusage.googleapis.com/v1/projects/referral-app-c8e00/services/developerconnect.googleapis.com:enable [none]
[debug] [2025-05-29T22:15:39.347Z] >>> [apiv2][(partial)header] POST https://serviceusage.googleapis.com/v1/projects/referral-app-c8e00/services/developerconnect.googleapis.com:enable x-goog-quota-user=projects/referral-app-c8e00
[debug] [2025-05-29T22:15:39.781Z] <<< [apiv2][status] POST https://serviceusage.googleapis.com/v1/projects/referral-app-c8e00/services/developerconnect.googleapis.com:enable 200
[debug] [2025-05-29T22:15:39.781Z] <<< [apiv2][body] POST https://serviceusage.googleapis.com/v1/projects/referral-app-c8e00/services/developerconnect.googleapis.com:enable [omitted]
[debug] [2025-05-29T22:15:49.786Z] Checked if tokens are valid: true, expires at: 1748560509279
[debug] [2025-05-29T22:15:49.787Z] Checked if tokens are valid: true, expires at: 1748560509279
[debug] [2025-05-29T22:15:49.787Z] >>> [apiv2][query] GET https://serviceusage.googleapis.com/v1/projects/referral-app-c8e00/services/developerconnect.googleapis.com [none]
[debug] [2025-05-29T22:15:49.787Z] >>> [apiv2][(partial)header] GET https://serviceusage.googleapis.com/v1/projects/referral-app-c8e00/services/developerconnect.googleapis.com x-goog-quota-user=projects/referral-app-c8e00
[debug] [2025-05-29T22:15:50.138Z] <<< [apiv2][status] GET https://serviceusage.googleapis.com/v1/projects/referral-app-c8e00/services/developerconnect.googleapis.com 200
[debug] [2025-05-29T22:15:50.138Z] <<< [apiv2][body] GET https://serviceusage.googleapis.com/v1/projects/referral-app-c8e00/services/developerconnect.googleapis.com [omitted]
[debug] [2025-05-29T22:15:50.142Z] Checked if tokens are valid: true, expires at: 1748560509279
[debug] [2025-05-29T22:15:50.142Z] Checked if tokens are valid: true, expires at: 1748560509279
[debug] [2025-05-29T22:15:50.142Z] >>> [apiv2][query] POST https://iam.googleapis.com/v1/projects/referral-app-c8e00/serviceAccounts/firebase-app-hosting-compute@referral-app-c8e00.iam.gserviceaccount.com:testIamPermissions [none]
[debug] [2025-05-29T22:15:50.143Z] >>> [apiv2][(partial)header] POST https://iam.googleapis.com/v1/projects/referral-app-c8e00/serviceAccounts/firebase-app-hosting-compute@referral-app-c8e00.iam.gserviceaccount.com:testIamPermissions x-goog-quota-user=projects/referral-app-c8e00
[debug] [2025-05-29T22:15:50.143Z] >>> [apiv2][body] POST https://iam.googleapis.com/v1/projects/referral-app-c8e00/serviceAccounts/firebase-app-hosting-compute@referral-app-c8e00.iam.gserviceaccount.com:testIamPermissions {"permissions":["iam.serviceAccounts.actAs"]}
[debug] [2025-05-29T22:15:50.480Z] <<< [apiv2][status] POST https://iam.googleapis.com/v1/projects/referral-app-c8e00/serviceAccounts/firebase-app-hosting-compute@referral-app-c8e00.iam.gserviceaccount.com:testIamPermissions 404
[debug] [2025-05-29T22:15:50.480Z] <<< [apiv2][body] POST https://iam.googleapis.com/v1/projects/referral-app-c8e00/serviceAccounts/firebase-app-hosting-compute@referral-app-c8e00.iam.gserviceaccount.com:testIamPermissions {"error":{"code":404,"message":"Unknown service account","status":"NOT_FOUND"}}
[debug] [2025-05-29T22:15:50.482Z] Checked if tokens are valid: true, expires at: 1748560509279
[debug] [2025-05-29T22:15:50.482Z] Checked if tokens are valid: true, expires at: 1748560509279
[debug] [2025-05-29T22:15:50.483Z] >>> [apiv2][query] POST https://iam.googleapis.com/v1/projects/referral-app-c8e00/serviceAccounts [none]
[debug] [2025-05-29T22:15:50.483Z] >>> [apiv2][body] POST https://iam.googleapis.com/v1/projects/referral-app-c8e00/serviceAccounts {"accountId":"firebase-app-hosting-compute","serviceAccount":{"displayName":"Firebase App Hosting compute service account","description":"Default service account used to run builds and deploys for Firebase App Hosting"}}
[debug] [2025-05-29T22:15:50.991Z] <<< [apiv2][status] POST https://iam.googleapis.com/v1/projects/referral-app-c8e00/serviceAccounts 200
[debug] [2025-05-29T22:15:50.991Z] <<< [apiv2][body] POST https://iam.googleapis.com/v1/projects/referral-app-c8e00/serviceAccounts [omitted]
[debug] [2025-05-29T22:15:50.992Z] Checked if tokens are valid: true, expires at: 1748560509279
[debug] [2025-05-29T22:15:50.993Z] Checked if tokens are valid: true, expires at: 1748560509279
[debug] [2025-05-29T22:15:50.993Z] >>> [apiv2][query] POST https://cloudresourcemanager.googleapis.com/v1/projects/referral-app-c8e00:getIamPolicy [none]
[debug] [2025-05-29T22:15:51.136Z] <<< [apiv2][status] POST https://cloudresourcemanager.googleapis.com/v1/projects/referral-app-c8e00:getIamPolicy 200
[debug] [2025-05-29T22:15:51.137Z] <<< [apiv2][body] POST https://cloudresourcemanager.googleapis.com/v1/projects/referral-app-c8e00:getIamPolicy {"version":1,"etag":"BwY2TaL3oNo=","bindings":[{"role":"roles/cloudbuild.builds.builder","members":["serviceAccount:343436249776@cloudbuild.gserviceaccount.com"]},{"role":"roles/cloudbuild.serviceAgent","members":["serviceAccount:service-343436249776@gcp-sa-cloudbuild.iam.gserviceaccount.com"]},{"role":"roles/containerregistry.ServiceAgent","members":["serviceAccount:service-343436249776@containerregistry.iam.gserviceaccount.com"]},{"role":"roles/editor","members":["serviceAccount:343436249776-compute@developer.gserviceaccount.com"]},{"role":"roles/firebase.managementServiceAgent","members":["serviceAccount:service-343436249776@gcp-sa-firebase.iam.gserviceaccount.com"]},{"role":"roles/firebase.sdkAdminServiceAgent","members":["serviceAccount:firebase-adminsdk-fbsvc@referral-app-c8e00.iam.gserviceaccount.com"]},{"role":"roles/firebaserules.system","members":["serviceAccount:service-343436249776@firebase-rules.iam.gserviceaccount.com"]},{"role":"roles/firestore.serviceAgent","members":["serviceAccount:service-343436249776@gcp-sa-firestore.iam.gserviceaccount.com"]},{"role":"roles/iam.serviceAccountTokenCreator","members":["serviceAccount:firebase-adminsdk-fbsvc@referral-app-c8e00.iam.gserviceaccount.com"]},{"role":"roles/owner","members":["user:klaus.haertel@portaone.com"]},{"role":"roles/run.serviceAgent","members":["serviceAccount:service-343436249776@serverless-robot-prod.iam.gserviceaccount.com"]}]}
[debug] [2025-05-29T22:15:51.138Z] Checked if tokens are valid: true, expires at: 1748560509279
[debug] [2025-05-29T22:15:51.138Z] Checked if tokens are valid: true, expires at: 1748560509279
[debug] [2025-05-29T22:15:51.138Z] >>> [apiv2][query] POST https://cloudresourcemanager.googleapis.com/v1/projects/referral-app-c8e00:setIamPolicy [none]
[debug] [2025-05-29T22:15:51.139Z] >>> [apiv2][body] POST https://cloudresourcemanager.googleapis.com/v1/projects/referral-app-c8e00:setIamPolicy {"policy":{"version":1,"etag":"BwY2TaL3oNo=","bindings":[{"role":"roles/cloudbuild.builds.builder","members":["serviceAccount:343436249776@cloudbuild.gserviceaccount.com"]},{"role":"roles/cloudbuild.serviceAgent","members":["serviceAccount:service-343436249776@gcp-sa-cloudbuild.iam.gserviceaccount.com"]},{"role":"roles/containerregistry.ServiceAgent","members":["serviceAccount:service-343436249776@containerregistry.iam.gserviceaccount.com"]},{"role":"roles/editor","members":["serviceAccount:343436249776-compute@developer.gserviceaccount.com"]},{"role":"roles/firebase.managementServiceAgent","members":["serviceAccount:service-343436249776@gcp-sa-firebase.iam.gserviceaccount.com"]},{"role":"roles/firebase.sdkAdminServiceAgent","members":["serviceAccount:firebase-adminsdk-fbsvc@referral-app-c8e00.iam.gserviceaccount.com","serviceAccount:firebase-app-hosting-compute@referral-app-c8e00.iam.gserviceaccount.com"]},{"role":"roles/firebaserules.system","members":["serviceAccount:service-343436249776@firebase-rules.iam.gserviceaccount.com"]},{"role":"roles/firestore.serviceAgent","members":["serviceAccount:service-343436249776@gcp-sa-firestore.iam.gserviceaccount.com"]},{"role":"roles/iam.serviceAccountTokenCreator","members":["serviceAccount:firebase-adminsdk-fbsvc@referral-app-c8e00.iam.gserviceaccount.com"]},{"role":"roles/owner","members":["user:klaus.haertel@portaone.com"]},{"role":"roles/run.serviceAgent","members":["serviceAccount:service-343436249776@serverless-robot-prod.iam.gserviceaccount.com"]},{"role":"roles/firebaseapphosting.computeRunner","members":["serviceAccount:firebase-app-hosting-compute@referral-app-c8e00.iam.gserviceaccount.com"]},{"role":"roles/developerconnect.readTokenAccessor","members":["serviceAccount:firebase-app-hosting-compute@referral-app-c8e00.iam.gserviceaccount.com"]}]},"updateMask":"bindings"}
[debug] [2025-05-29T22:15:51.667Z] <<< [apiv2][status] POST https://cloudresourcemanager.googleapis.com/v1/projects/referral-app-c8e00:setIamPolicy 200
[debug] [2025-05-29T22:15:51.668Z] <<< [apiv2][body] POST https://cloudresourcemanager.googleapis.com/v1/projects/referral-app-c8e00:setIamPolicy {"version":1,"etag":"BwY2TaP4xYE=","bindings":[{"role":"roles/cloudbuild.builds.builder","members":["serviceAccount:343436249776@cloudbuild.gserviceaccount.com"]},{"role":"roles/cloudbuild.serviceAgent","members":["serviceAccount:service-343436249776@gcp-sa-cloudbuild.iam.gserviceaccount.com"]},{"role":"roles/containerregistry.ServiceAgent","members":["serviceAccount:service-343436249776@containerregistry.iam.gserviceaccount.com"]},{"role":"roles/developerconnect.readTokenAccessor","members":["serviceAccount:firebase-app-hosting-compute@referral-app-c8e00.iam.gserviceaccount.com"]},{"role":"roles/editor","members":["serviceAccount:343436249776-compute@developer.gserviceaccount.com"]},{"role":"roles/firebase.managementServiceAgent","members":["serviceAccount:service-343436249776@gcp-sa-firebase.iam.gserviceaccount.com"]},{"role":"roles/firebase.sdkAdminServiceAgent","members":["serviceAccount:firebase-adminsdk-fbsvc@referral-app-c8e00.iam.gserviceaccount.com","serviceAccount:firebase-app-hosting-compute@referral-app-c8e00.iam.gserviceaccount.com"]},{"role":"roles/firebaseapphosting.computeRunner","members":["serviceAccount:firebase-app-hosting-compute@referral-app-c8e00.iam.gserviceaccount.com"]},{"role":"roles/firebaserules.system","members":["serviceAccount:service-343436249776@firebase-rules.iam.gserviceaccount.com"]},{"role":"roles/firestore.serviceAgent","members":["serviceAccount:service-343436249776@gcp-sa-firestore.iam.gserviceaccount.com"]},{"role":"roles/iam.serviceAccountTokenCreator","members":["serviceAccount:firebase-adminsdk-fbsvc@referral-app-c8e00.iam.gserviceaccount.com"]},{"role":"roles/owner","members":["user:klaus.haertel@portaone.com"]},{"role":"roles/run.serviceAgent","members":["serviceAccount:service-343436249776@serverless-robot-prod.iam.gserviceaccount.com"]}]}
[debug] [2025-05-29T22:15:51.668Z] Checked if tokens are valid: true, expires at: 1748560509279
[debug] [2025-05-29T22:15:51.668Z] Checked if tokens are valid: true, expires at: 1748560509279
[debug] [2025-05-29T22:15:51.669Z] >>> [apiv2][query] GET https://firebaseapphosting.googleapis.com/v1beta/projects/referral-app-c8e00/locations 
[debug] [2025-05-29T22:15:52.000Z] <<< [apiv2][status] GET https://firebaseapphosting.googleapis.com/v1beta/projects/referral-app-c8e00/locations 200
[debug] [2025-05-29T22:15:52.001Z] <<< [apiv2][body] GET https://firebaseapphosting.googleapis.com/v1beta/projects/referral-app-c8e00/locations {"locations":[{"name":"projects/referral-app-c8e00/locations/asia-east1","locationId":"asia-east1","displayName":"Taiwan"},{"name":"projects/referral-app-c8e00/locations/europe-west4","locationId":"europe-west4","displayName":"Netherlands"},{"name":"projects/referral-app-c8e00/locations/us-central1","locationId":"us-central1","displayName":"Iowa"}]}
[info] ✔  Location set to us-central1.
 
[info] i  === Import a GitHub repository 
[debug] [2025-05-29T22:16:01.890Z] Checked if tokens are valid: true, expires at: 1748560509279
[debug] [2025-05-29T22:16:01.890Z] Checked if tokens are valid: true, expires at: 1748560509279
[debug] [2025-05-29T22:16:01.891Z] >>> [apiv2][query] GET https://developerconnect.googleapis.com/v1/projects/referral-app-c8e00/locations/us-central1/connections pageSize=1000&pageToken=
[debug] [2025-05-29T22:16:02.182Z] <<< [apiv2][status] GET https://developerconnect.googleapis.com/v1/projects/referral-app-c8e00/locations/us-central1/connections 200
[debug] [2025-05-29T22:16:02.182Z] <<< [apiv2][body] GET https://developerconnect.googleapis.com/v1/projects/referral-app-c8e00/locations/us-central1/connections {}
[debug] [2025-05-29T22:16:02.183Z] Checked if tokens are valid: true, expires at: 1748560509279
[debug] [2025-05-29T22:16:02.183Z] Checked if tokens are valid: true, expires at: 1748560509279
[debug] [2025-05-29T22:16:02.184Z] >>> [apiv2][query] GET https://serviceusage.googleapis.com/v1/projects/referral-app-c8e00/services/cloudresourcemanager.googleapis.com [none]
[debug] [2025-05-29T22:16:02.184Z] >>> [apiv2][(partial)header] GET https://serviceusage.googleapis.com/v1/projects/referral-app-c8e00/services/cloudresourcemanager.googleapis.com x-goog-quota-user=projects/referral-app-c8e00
[debug] [2025-05-29T22:16:02.559Z] <<< [apiv2][status] GET https://serviceusage.googleapis.com/v1/projects/referral-app-c8e00/services/cloudresourcemanager.googleapis.com 200
[debug] [2025-05-29T22:16:02.560Z] <<< [apiv2][body] GET https://serviceusage.googleapis.com/v1/projects/referral-app-c8e00/services/cloudresourcemanager.googleapis.com [omitted]
[debug] [2025-05-29T22:16:02.560Z] Checked if tokens are valid: true, expires at: 1748560509279
[debug] [2025-05-29T22:16:02.560Z] Checked if tokens are valid: true, expires at: 1748560509279
[debug] [2025-05-29T22:16:02.560Z] >>> [apiv2][query] GET https://cloudresourcemanager.googleapis.com/v1/projects/referral-app-c8e00 [none]
[debug] [2025-05-29T22:16:02.667Z] <<< [apiv2][status] GET https://cloudresourcemanager.googleapis.com/v1/projects/referral-app-c8e00 200
[debug] [2025-05-29T22:16:02.667Z] <<< [apiv2][body] GET https://cloudresourcemanager.googleapis.com/v1/projects/referral-app-c8e00 {"projectNumber":"343436249776","projectId":"referral-app-c8e00","lifecycleState":"ACTIVE","name":"Referral App","labels":{"firebase":"enabled","firebase-core":"disabled"},"createTime":"2025-05-28T16:51:39.073144Z","parent":{"type":"organization","id":"484012802035"}}
[debug] [2025-05-29T22:16:02.668Z] Checked if tokens are valid: true, expires at: 1748560509279
[debug] [2025-05-29T22:16:02.668Z] Checked if tokens are valid: true, expires at: 1748560509279
[debug] [2025-05-29T22:16:02.669Z] >>> [apiv2][query] POST https://cloudresourcemanager.googleapis.com/v1/projects/referral-app-c8e00:getIamPolicy [none]
[debug] [2025-05-29T22:16:02.845Z] <<< [apiv2][status] POST https://cloudresourcemanager.googleapis.com/v1/projects/referral-app-c8e00:getIamPolicy 200
[debug] [2025-05-29T22:16:02.845Z] <<< [apiv2][body] POST https://cloudresourcemanager.googleapis.com/v1/projects/referral-app-c8e00:getIamPolicy {"version":1,"etag":"BwY2TaP4xYE=","bindings":[{"role":"roles/cloudbuild.builds.builder","members":["serviceAccount:343436249776@cloudbuild.gserviceaccount.com"]},{"role":"roles/cloudbuild.serviceAgent","members":["serviceAccount:service-343436249776@gcp-sa-cloudbuild.iam.gserviceaccount.com"]},{"role":"roles/containerregistry.ServiceAgent","members":["serviceAccount:service-343436249776@containerregistry.iam.gserviceaccount.com"]},{"role":"roles/developerconnect.readTokenAccessor","members":["serviceAccount:firebase-app-hosting-compute@referral-app-c8e00.iam.gserviceaccount.com"]},{"role":"roles/editor","members":["serviceAccount:343436249776-compute@developer.gserviceaccount.com"]},{"role":"roles/firebase.managementServiceAgent","members":["serviceAccount:service-343436249776@gcp-sa-firebase.iam.gserviceaccount.com"]},{"role":"roles/firebase.sdkAdminServiceAgent","members":["serviceAccount:firebase-adminsdk-fbsvc@referral-app-c8e00.iam.gserviceaccount.com","serviceAccount:firebase-app-hosting-compute@referral-app-c8e00.iam.gserviceaccount.com"]},{"role":"roles/firebaseapphosting.computeRunner","members":["serviceAccount:firebase-app-hosting-compute@referral-app-c8e00.iam.gserviceaccount.com"]},{"role":"roles/firebaserules.system","members":["serviceAccount:service-343436249776@firebase-rules.iam.gserviceaccount.com"]},{"role":"roles/firestore.serviceAgent","members":["serviceAccount:service-343436249776@gcp-sa-firestore.iam.gserviceaccount.com"]},{"role":"roles/iam.serviceAccountTokenCreator","members":["serviceAccount:firebase-adminsdk-fbsvc@referral-app-c8e00.iam.gserviceaccount.com"]},{"role":"roles/owner","members":["user:klaus.haertel@portaone.com"]},{"role":"roles/run.serviceAgent","members":["serviceAccount:service-343436249776@serverless-robot-prod.iam.gserviceaccount.com"]}]}
[info] i  To create a new GitHub connection, Secret Manager Admin role (roles/secretmanager.admin) is required on the Developer Connect Service Agent. 
[debug] [2025-05-29T22:16:13.004Z] Checked if tokens are valid: true, expires at: 1748560509279
[debug] [2025-05-29T22:16:13.004Z] Checked if tokens are valid: true, expires at: 1748560509279
[debug] [2025-05-29T22:16:13.004Z] >>> [apiv2][query] POST https://cloudresourcemanager.googleapis.com/v1/projects/referral-app-c8e00:getIamPolicy [none]
[debug] [2025-05-29T22:16:13.137Z] <<< [apiv2][status] POST https://cloudresourcemanager.googleapis.com/v1/projects/referral-app-c8e00:getIamPolicy 200
[debug] [2025-05-29T22:16:13.137Z] <<< [apiv2][body] POST https://cloudresourcemanager.googleapis.com/v1/projects/referral-app-c8e00:getIamPolicy {"version":1,"etag":"BwY2TaP4xYE=","bindings":[{"role":"roles/cloudbuild.builds.builder","members":["serviceAccount:343436249776@cloudbuild.gserviceaccount.com"]},{"role":"roles/cloudbuild.serviceAgent","members":["serviceAccount:service-343436249776@gcp-sa-cloudbuild.iam.gserviceaccount.com"]},{"role":"roles/containerregistry.ServiceAgent","members":["serviceAccount:service-343436249776@containerregistry.iam.gserviceaccount.com"]},{"role":"roles/developerconnect.readTokenAccessor","members":["serviceAccount:firebase-app-hosting-compute@referral-app-c8e00.iam.gserviceaccount.com"]},{"role":"roles/editor","members":["serviceAccount:343436249776-compute@developer.gserviceaccount.com"]},{"role":"roles/firebase.managementServiceAgent","members":["serviceAccount:service-343436249776@gcp-sa-firebase.iam.gserviceaccount.com"]},{"role":"roles/firebase.sdkAdminServiceAgent","members":["serviceAccount:firebase-adminsdk-fbsvc@referral-app-c8e00.iam.gserviceaccount.com","serviceAccount:firebase-app-hosting-compute@referral-app-c8e00.iam.gserviceaccount.com"]},{"role":"roles/firebaseapphosting.computeRunner","members":["serviceAccount:firebase-app-hosting-compute@referral-app-c8e00.iam.gserviceaccount.com"]},{"role":"roles/firebaserules.system","members":["serviceAccount:service-343436249776@firebase-rules.iam.gserviceaccount.com"]},{"role":"roles/firestore.serviceAgent","members":["serviceAccount:service-343436249776@gcp-sa-firestore.iam.gserviceaccount.com"]},{"role":"roles/iam.serviceAccountTokenCreator","members":["serviceAccount:firebase-adminsdk-fbsvc@referral-app-c8e00.iam.gserviceaccount.com"]},{"role":"roles/owner","members":["user:klaus.haertel@portaone.com"]},{"role":"roles/run.serviceAgent","members":["serviceAccount:service-343436249776@serverless-robot-prod.iam.gserviceaccount.com"]}]}
[debug] [2025-05-29T22:16:13.138Z] Checked if tokens are valid: true, expires at: 1748560509279
[debug] [2025-05-29T22:16:13.138Z] Checked if tokens are valid: true, expires at: 1748560509279
[debug] [2025-05-29T22:16:13.138Z] >>> [apiv2][query] POST https://cloudresourcemanager.googleapis.com/v1/projects/referral-app-c8e00:setIamPolicy [none]
[debug] [2025-05-29T22:16:13.138Z] >>> [apiv2][body] POST https://cloudresourcemanager.googleapis.com/v1/projects/referral-app-c8e00:setIamPolicy {"policy":{"version":1,"etag":"BwY2TaP4xYE=","bindings":[{"role":"roles/cloudbuild.builds.builder","members":["serviceAccount:343436249776@cloudbuild.gserviceaccount.com"]},{"role":"roles/cloudbuild.serviceAgent","members":["serviceAccount:service-343436249776@gcp-sa-cloudbuild.iam.gserviceaccount.com"]},{"role":"roles/containerregistry.ServiceAgent","members":["serviceAccount:service-343436249776@containerregistry.iam.gserviceaccount.com"]},{"role":"roles/developerconnect.readTokenAccessor","members":["serviceAccount:firebase-app-hosting-compute@referral-app-c8e00.iam.gserviceaccount.com"]},{"role":"roles/editor","members":["serviceAccount:343436249776-compute@developer.gserviceaccount.com"]},{"role":"roles/firebase.managementServiceAgent","members":["serviceAccount:service-343436249776@gcp-sa-firebase.iam.gserviceaccount.com"]},{"role":"roles/firebase.sdkAdminServiceAgent","members":["serviceAccount:firebase-adminsdk-fbsvc@referral-app-c8e00.iam.gserviceaccount.com","serviceAccount:firebase-app-hosting-compute@referral-app-c8e00.iam.gserviceaccount.com"]},{"role":"roles/firebaseapphosting.computeRunner","members":["serviceAccount:firebase-app-hosting-compute@referral-app-c8e00.iam.gserviceaccount.com"]},{"role":"roles/firebaserules.system","members":["serviceAccount:service-343436249776@firebase-rules.iam.gserviceaccount.com"]},{"role":"roles/firestore.serviceAgent","members":["serviceAccount:service-343436249776@gcp-sa-firestore.iam.gserviceaccount.com"]},{"role":"roles/iam.serviceAccountTokenCreator","members":["serviceAccount:firebase-adminsdk-fbsvc@referral-app-c8e00.iam.gserviceaccount.com"]},{"role":"roles/owner","members":["user:klaus.haertel@portaone.com"]},{"role":"roles/run.serviceAgent","members":["serviceAccount:service-343436249776@serverless-robot-prod.iam.gserviceaccount.com"]},{"role":"roles/secretmanager.admin","members":["serviceAccount:service-343436249776@gcp-sa-devconnect.iam.gserviceaccount.com"]}]},"updateMask":"bindings"}
[debug] [2025-05-29T22:16:13.619Z] <<< [apiv2][status] POST https://cloudresourcemanager.googleapis.com/v1/projects/referral-app-c8e00:setIamPolicy 400
[debug] [2025-05-29T22:16:13.619Z] <<< [apiv2][body] POST https://cloudresourcemanager.googleapis.com/v1/projects/referral-app-c8e00:setIamPolicy {"error":{"code":400,"message":"Service account service-343436249776@gcp-sa-devconnect.iam.gserviceaccount.com does not exist.","status":"INVALID_ARGUMENT"}}
[info] i  apphosting: generating the service identity for developerconnect.googleapis.com... 
[debug] [2025-05-29T22:16:13.621Z] Checked if tokens are valid: true, expires at: 1748560509279
[debug] [2025-05-29T22:16:13.621Z] Checked if tokens are valid: true, expires at: 1748560509279
[debug] [2025-05-29T22:16:13.621Z] >>> [apiv2][query] POST https://serviceusage.googleapis.com/v1beta1/projects/343436249776/services/developerconnect.googleapis.com:generateServiceIdentity [none]
[debug] [2025-05-29T22:16:14.372Z] <<< [apiv2][status] POST https://serviceusage.googleapis.com/v1beta1/projects/343436249776/services/developerconnect.googleapis.com:generateServiceIdentity 200
[debug] [2025-05-29T22:16:14.372Z] <<< [apiv2][body] POST https://serviceusage.googleapis.com/v1beta1/projects/343436249776/services/developerconnect.googleapis.com:generateServiceIdentity {"name":"operations/finished.DONE_OPERATION","done":true,"response":{"@type":"type.googleapis.com/google.api.serviceusage.v1beta1.ServiceIdentity","email":"service-343436249776@gcp-sa-devconnect.iam.gserviceaccount.com","uniqueId":"106525399865690784407"}}
[debug] [2025-05-29T22:16:14.373Z] Checked if tokens are valid: true, expires at: 1748560509279
[debug] [2025-05-29T22:16:14.373Z] Checked if tokens are valid: true, expires at: 1748560509279
[debug] [2025-05-29T22:16:14.373Z] >>> [apiv2][query] POST https://cloudresourcemanager.googleapis.com/v1/projects/referral-app-c8e00:getIamPolicy [none]
[debug] [2025-05-29T22:16:14.535Z] <<< [apiv2][status] POST https://cloudresourcemanager.googleapis.com/v1/projects/referral-app-c8e00:getIamPolicy 200
[debug] [2025-05-29T22:16:14.536Z] <<< [apiv2][body] POST https://cloudresourcemanager.googleapis.com/v1/projects/referral-app-c8e00:getIamPolicy {"version":1,"etag":"BwY2TaP4xYE=","bindings":[{"role":"roles/cloudbuild.builds.builder","members":["serviceAccount:343436249776@cloudbuild.gserviceaccount.com"]},{"role":"roles/cloudbuild.serviceAgent","members":["serviceAccount:service-343436249776@gcp-sa-cloudbuild.iam.gserviceaccount.com"]},{"role":"roles/containerregistry.ServiceAgent","members":["serviceAccount:service-343436249776@containerregistry.iam.gserviceaccount.com"]},{"role":"roles/developerconnect.readTokenAccessor","members":["serviceAccount:firebase-app-hosting-compute@referral-app-c8e00.iam.gserviceaccount.com"]},{"role":"roles/editor","members":["serviceAccount:343436249776-compute@developer.gserviceaccount.com"]},{"role":"roles/firebase.managementServiceAgent","members":["serviceAccount:service-343436249776@gcp-sa-firebase.iam.gserviceaccount.com"]},{"role":"roles/firebase.sdkAdminServiceAgent","members":["serviceAccount:firebase-adminsdk-fbsvc@referral-app-c8e00.iam.gserviceaccount.com","serviceAccount:firebase-app-hosting-compute@referral-app-c8e00.iam.gserviceaccount.com"]},{"role":"roles/firebaseapphosting.computeRunner","members":["serviceAccount:firebase-app-hosting-compute@referral-app-c8e00.iam.gserviceaccount.com"]},{"role":"roles/firebaserules.system","members":["serviceAccount:service-343436249776@firebase-rules.iam.gserviceaccount.com"]},{"role":"roles/firestore.serviceAgent","members":["serviceAccount:service-343436249776@gcp-sa-firestore.iam.gserviceaccount.com"]},{"role":"roles/iam.serviceAccountTokenCreator","members":["serviceAccount:firebase-adminsdk-fbsvc@referral-app-c8e00.iam.gserviceaccount.com"]},{"role":"roles/owner","members":["user:klaus.haertel@portaone.com"]},{"role":"roles/run.serviceAgent","members":["serviceAccount:service-343436249776@serverless-robot-prod.iam.gserviceaccount.com"]}]}
[debug] [2025-05-29T22:16:14.536Z] Checked if tokens are valid: true, expires at: 1748560509279
[debug] [2025-05-29T22:16:14.536Z] Checked if tokens are valid: true, expires at: 1748560509279
[debug] [2025-05-29T22:16:14.536Z] >>> [apiv2][query] POST https://cloudresourcemanager.googleapis.com/v1/projects/referral-app-c8e00:setIamPolicy [none]
[debug] [2025-05-29T22:16:14.537Z] >>> [apiv2][body] POST https://cloudresourcemanager.googleapis.com/v1/projects/referral-app-c8e00:setIamPolicy {"policy":{"version":1,"etag":"BwY2TaP4xYE=","bindings":[{"role":"roles/cloudbuild.builds.builder","members":["serviceAccount:343436249776@cloudbuild.gserviceaccount.com"]},{"role":"roles/cloudbuild.serviceAgent","members":["serviceAccount:service-343436249776@gcp-sa-cloudbuild.iam.gserviceaccount.com"]},{"role":"roles/containerregistry.ServiceAgent","members":["serviceAccount:service-343436249776@containerregistry.iam.gserviceaccount.com"]},{"role":"roles/developerconnect.readTokenAccessor","members":["serviceAccount:firebase-app-hosting-compute@referral-app-c8e00.iam.gserviceaccount.com"]},{"role":"roles/editor","members":["serviceAccount:343436249776-compute@developer.gserviceaccount.com"]},{"role":"roles/firebase.managementServiceAgent","members":["serviceAccount:service-343436249776@gcp-sa-firebase.iam.gserviceaccount.com"]},{"role":"roles/firebase.sdkAdminServiceAgent","members":["serviceAccount:firebase-adminsdk-fbsvc@referral-app-c8e00.iam.gserviceaccount.com","serviceAccount:firebase-app-hosting-compute@referral-app-c8e00.iam.gserviceaccount.com"]},{"role":"roles/firebaseapphosting.computeRunner","members":["serviceAccount:firebase-app-hosting-compute@referral-app-c8e00.iam.gserviceaccount.com"]},{"role":"roles/firebaserules.system","members":["serviceAccount:service-343436249776@firebase-rules.iam.gserviceaccount.com"]},{"role":"roles/firestore.serviceAgent","members":["serviceAccount:service-343436249776@gcp-sa-firestore.iam.gserviceaccount.com"]},{"role":"roles/iam.serviceAccountTokenCreator","members":["serviceAccount:firebase-adminsdk-fbsvc@referral-app-c8e00.iam.gserviceaccount.com"]},{"role":"roles/owner","members":["user:klaus.haertel@portaone.com"]},{"role":"roles/run.serviceAgent","members":["serviceAccount:service-343436249776@serverless-robot-prod.iam.gserviceaccount.com"]},{"role":"roles/secretmanager.admin","members":["serviceAccount:service-343436249776@gcp-sa-devconnect.iam.gserviceaccount.com"]}]},"updateMask":"bindings"}
[debug] [2025-05-29T22:16:15.145Z] <<< [apiv2][status] POST https://cloudresourcemanager.googleapis.com/v1/projects/referral-app-c8e00:setIamPolicy 200
[debug] [2025-05-29T22:16:15.145Z] <<< [apiv2][body] POST https://cloudresourcemanager.googleapis.com/v1/projects/referral-app-c8e00:setIamPolicy {"version":1,"etag":"BwY2TaVfAZs=","bindings":[{"role":"roles/cloudbuild.builds.builder","members":["serviceAccount:343436249776@cloudbuild.gserviceaccount.com"]},{"role":"roles/cloudbuild.serviceAgent","members":["serviceAccount:service-343436249776@gcp-sa-cloudbuild.iam.gserviceaccount.com"]},{"role":"roles/containerregistry.ServiceAgent","members":["serviceAccount:service-343436249776@containerregistry.iam.gserviceaccount.com"]},{"role":"roles/developerconnect.readTokenAccessor","members":["serviceAccount:firebase-app-hosting-compute@referral-app-c8e00.iam.gserviceaccount.com"]},{"role":"roles/editor","members":["serviceAccount:343436249776-compute@developer.gserviceaccount.com"]},{"role":"roles/firebase.managementServiceAgent","members":["serviceAccount:service-343436249776@gcp-sa-firebase.iam.gserviceaccount.com"]},{"role":"roles/firebase.sdkAdminServiceAgent","members":["serviceAccount:firebase-adminsdk-fbsvc@referral-app-c8e00.iam.gserviceaccount.com","serviceAccount:firebase-app-hosting-compute@referral-app-c8e00.iam.gserviceaccount.com"]},{"role":"roles/firebaseapphosting.computeRunner","members":["serviceAccount:firebase-app-hosting-compute@referral-app-c8e00.iam.gserviceaccount.com"]},{"role":"roles/firebaserules.system","members":["serviceAccount:service-343436249776@firebase-rules.iam.gserviceaccount.com"]},{"role":"roles/firestore.serviceAgent","members":["serviceAccount:service-343436249776@gcp-sa-firestore.iam.gserviceaccount.com"]},{"role":"roles/iam.serviceAccountTokenCreator","members":["serviceAccount:firebase-adminsdk-fbsvc@referral-app-c8e00.iam.gserviceaccount.com"]},{"role":"roles/owner","members":["user:klaus.haertel@portaone.com"]},{"role":"roles/run.serviceAgent","members":["serviceAccount:service-343436249776@serverless-robot-prod.iam.gserviceaccount.com"]},{"role":"roles/secretmanager.admin","members":["serviceAccount:service-343436249776@gcp-sa-devconnect.iam.gserviceaccount.com"]}]}
[info] ✔  Successfully granted the required role to the Developer Connect Service Agent!
 
[debug] [2025-05-29T22:16:15.146Z] Checked if tokens are valid: true, expires at: 1748560509279
[debug] [2025-05-29T22:16:15.147Z] Checked if tokens are valid: true, expires at: 1748560509279
[debug] [2025-05-29T22:16:15.147Z] >>> [apiv2][query] POST https://developerconnect.googleapis.com/v1/projects/referral-app-c8e00/locations/us-central1/connections connectionId=apphosting-github-conn-we17jha
[debug] [2025-05-29T22:16:15.147Z] >>> [apiv2][body] POST https://developerconnect.googleapis.com/v1/projects/referral-app-c8e00/locations/us-central1/connections {"githubConfig":{"githubApp":"FIREBASE"}}
[debug] [2025-05-29T22:16:17.551Z] <<< [apiv2][status] POST https://developerconnect.googleapis.com/v1/projects/referral-app-c8e00/locations/us-central1/connections 200
[debug] [2025-05-29T22:16:17.551Z] <<< [apiv2][body] POST https://developerconnect.googleapis.com/v1/projects/referral-app-c8e00/locations/us-central1/connections {"name":"projects/referral-app-c8e00/locations/us-central1/operations/operation-1748556975425-6364da563c78b-8681da15-1ee15db1","metadata":{"@type":"type.googleapis.com/google.cloud.developerconnect.v1.OperationMetadata","createTime":"2025-05-29T22:16:17.515056726Z","target":"projects/referral-app-c8e00/locations/us-central1/connections/apphosting-github-conn-we17jha","verb":"create","requestedCancellation":false,"apiVersion":"v1"},"done":false}
[debug] [2025-05-29T22:16:17.553Z] Checked if tokens are valid: true, expires at: 1748560509279
[debug] [2025-05-29T22:16:17.554Z] Checked if tokens are valid: true, expires at: 1748560509279
[debug] [2025-05-29T22:16:17.554Z] >>> [apiv2][query] GET https://developerconnect.googleapis.com/v1/projects/referral-app-c8e00/locations/us-central1/operations/operation-1748556975425-6364da563c78b-8681da15-1ee15db1 [none]
[debug] [2025-05-29T22:16:17.625Z] <<< [apiv2][status] GET https://developerconnect.googleapis.com/v1/projects/referral-app-c8e00/locations/us-central1/operations/operation-1748556975425-6364da563c78b-8681da15-1ee15db1 200
[debug] [2025-05-29T22:16:17.625Z] <<< [apiv2][body] GET https://developerconnect.googleapis.com/v1/projects/referral-app-c8e00/locations/us-central1/operations/operation-1748556975425-6364da563c78b-8681da15-1ee15db1 {"name":"projects/referral-app-c8e00/locations/us-central1/operations/operation-1748556975425-6364da563c78b-8681da15-1ee15db1","metadata":{"@type":"type.googleapis.com/google.cloud.developerconnect.v1.OperationMetadata","createTime":"2025-05-29T22:16:17.515056726Z","endTime":"2025-05-29T22:16:17.555668626Z","target":"projects/referral-app-c8e00/locations/us-central1/connections/apphosting-github-conn-we17jha","verb":"create","requestedCancellation":false,"apiVersion":"v1"},"done":true,"response":{"@type":"type.googleapis.com/google.cloud.developerconnect.v1.Connection","name":"projects/referral-app-c8e00/locations/us-central1/connections/apphosting-github-conn-we17jha","createTime":"2025-05-29T22:16:17.510786217Z","updateTime":"2025-05-29T22:16:17.510786217Z","githubConfig":{"githubApp":"FIREBASE"},"installationState":{"stage":"PENDING_USER_OAUTH","message":"Please log in to https://github.com using a robot account and then follow this link to authorize Developer Connect to access that account. After authorization, your GitHub authorization token will be stored in Cloud Secret Manager.","actionUri":"https://accounts.google.com/AccountChooser?continue=https%3A%2F%2Fconsole.cloud.google.com%2Fdeveloper-connect%2Ffinish-setup%3Fstate%3D%257B%2522connection%2522%253A%2B%2522projects%252Freferral-app-c8e00%252Flocations%252Fus-central1%252Fconnections%252Fapphosting-github-conn-we17jha%2522%257D"}}}
[info] i  Please authorize the Firebase GitHub app by visiting this url: 
[info] i  	http://localhost:9005 
